2015/07/15 21:57:54 [error] [exception.CException] exception 'CException' with message 'Property "Content.title" is not defined.' in /mnt/www/yiiFramework/framework/base/CComponent.php:130
Stack trace:
#0 /mnt/www/yiiFramework/framework/db/ar/CActiveRecord.php(145): CComponent->__get('title')
#1 /mnt/www/dubfest/protected/controllers/GalleryController.php(270): CActiveRecord->__get('title')
#2 /mnt/www/dubfest/protected/controllers/GalleryController.php(58): GalleryController->loadGalleryVideos(Object(stdClass), 1)
#3 /mnt/www/yiiFramework/framework/web/actions/CInlineAction.php(49): GalleryController->actionIndex()
#4 /mnt/www/yiiFramework/framework/web/CController.php(308): CInlineAction->runWithParams(Array)
#5 /mnt/www/yiiFramework/framework/web/filters/CFilterChain.php(133): CController->runAction(Object(CInlineAction))
#6 /mnt/www/yiiFramework/framework/web/filters/CFilter.php(40): CFilterChain->run()
#7 /mnt/www/yiiFramework/framework/web/CController.php(1145): CFilter->filter(Object(CFilterChain))
#8 /mnt/www/yiiFramework/framework/web/filters/CInlineFilter.php(58): CController->filterAccessControl(Object(CFilterChain))
#9 /mnt/www/yiiFramework/framework/web/filters/CFilterChain.php(130): CInlineFilter->filter(Object(CFilterChain))
#10 /mnt/www/yiiFramework/framework/web/CController.php(291): CFilterChain->run()
#11 /mnt/www/yiiFramework/framework/web/CController.php(265): CController->runActionWithFilters(Object(CInlineAction), Array)
#12 /mnt/www/yiiFramework/framework/web/CWebApplication.php(282): CController->run('index')
#13 /mnt/www/yiiFramework/framework/web/CWebApplication.php(141): CWebApplication->runController('gallery/index')
#14 /mnt/www/yiiFramework/framework/base/CApplication.php(180): CWebApplication->processRequest()
#15 /mnt/www/dubfest/index.php(20): CApplication->run()
#16 {main}
REQUEST_URI=/dubfest/index.php/gallery
HTTP_REFERER=http://localhost:8888/dubfest/index.php
---
2015/07/15 21:58:01 [error] [exception.CException] exception 'CException' with message 'Property "Content.title" is not defined.' in /mnt/www/yiiFramework/framework/base/CComponent.php:130
Stack trace:
#0 /mnt/www/yiiFramework/framework/db/ar/CActiveRecord.php(145): CComponent->__get('title')
#1 /mnt/www/dubfest/protected/controllers/GalleryController.php(270): CActiveRecord->__get('title')
#2 /mnt/www/dubfest/protected/controllers/GalleryController.php(58): GalleryController->loadGalleryVideos(Object(stdClass), 1)
#3 /mnt/www/yiiFramework/framework/web/actions/CInlineAction.php(49): GalleryController->actionIndex()
#4 /mnt/www/yiiFramework/framework/web/CController.php(308): CInlineAction->runWithParams(Array)
#5 /mnt/www/yiiFramework/framework/web/filters/CFilterChain.php(133): CController->runAction(Object(CInlineAction))
#6 /mnt/www/yiiFramework/framework/web/filters/CFilter.php(40): CFilterChain->run()
#7 /mnt/www/yiiFramework/framework/web/CController.php(1145): CFilter->filter(Object(CFilterChain))
#8 /mnt/www/yiiFramework/framework/web/filters/CInlineFilter.php(58): CController->filterAccessControl(Object(CFilterChain))
#9 /mnt/www/yiiFramework/framework/web/filters/CFilterChain.php(130): CInlineFilter->filter(Object(CFilterChain))
#10 /mnt/www/yiiFramework/framework/web/CController.php(291): CFilterChain->run()
#11 /mnt/www/yiiFramework/framework/web/CController.php(265): CController->runActionWithFilters(Object(CInlineAction), Array)
#12 /mnt/www/yiiFramework/framework/web/CWebApplication.php(282): CController->run('')
#13 /mnt/www/yiiFramework/framework/web/CWebApplication.php(141): CWebApplication->runController('gallery')
#14 /mnt/www/yiiFramework/framework/base/CApplication.php(180): CWebApplication->processRequest()
#15 /mnt/www/dubfest/index.php(20): CApplication->run()
#16 {main}
REQUEST_URI=/dubfest/index.php?r=gallery
---
2015/07/15 21:58:05 [error] [exception.CException] exception 'CException' with message 'Property "Content.title" is not defined.' in /mnt/www/yiiFramework/framework/base/CComponent.php:130
Stack trace:
#0 /mnt/www/yiiFramework/framework/db/ar/CActiveRecord.php(145): CComponent->__get('title')
#1 /mnt/www/dubfest/protected/controllers/GalleryController.php(270): CActiveRecord->__get('title')
#2 /mnt/www/dubfest/protected/controllers/GalleryController.php(58): GalleryController->loadGalleryVideos(Object(stdClass), 1)
#3 /mnt/www/yiiFramework/framework/web/actions/CInlineAction.php(49): GalleryController->actionIndex()
#4 /mnt/www/yiiFramework/framework/web/CController.php(308): CInlineAction->runWithParams(Array)
#5 /mnt/www/yiiFramework/framework/web/filters/CFilterChain.php(133): CController->runAction(Object(CInlineAction))
#6 /mnt/www/yiiFramework/framework/web/filters/CFilter.php(40): CFilterChain->run()
#7 /mnt/www/yiiFramework/framework/web/CController.php(1145): CFilter->filter(Object(CFilterChain))
#8 /mnt/www/yiiFramework/framework/web/filters/CInlineFilter.php(58): CController->filterAccessControl(Object(CFilterChain))
#9 /mnt/www/yiiFramework/framework/web/filters/CFilterChain.php(130): CInlineFilter->filter(Object(CFilterChain))
#10 /mnt/www/yiiFramework/framework/web/CController.php(291): CFilterChain->run()
#11 /mnt/www/yiiFramework/framework/web/CController.php(265): CController->runActionWithFilters(Object(CInlineAction), Array)
#12 /mnt/www/yiiFramework/framework/web/CWebApplication.php(282): CController->run('index')
#13 /mnt/www/yiiFramework/framework/web/CWebApplication.php(141): CWebApplication->runController('gallery/index')
#14 /mnt/www/yiiFramework/framework/base/CApplication.php(180): CWebApplication->processRequest()
#15 /mnt/www/dubfest/index.php(20): CApplication->run()
#16 {main}
REQUEST_URI=/dubfest/index.php/gallery
---
2015/07/15 21:58:18 [error] [exception.CException] exception 'CException' with message 'Property "Content.title" is not defined.' in /mnt/www/yiiFramework/framework/base/CComponent.php:130
Stack trace:
#0 /mnt/www/yiiFramework/framework/db/ar/CActiveRecord.php(145): CComponent->__get('title')
#1 /mnt/www/dubfest/protected/controllers/GalleryController.php(270): CActiveRecord->__get('title')
#2 /mnt/www/dubfest/protected/controllers/GalleryController.php(58): GalleryController->loadGalleryVideos(Object(stdClass), 1)
#3 /mnt/www/yiiFramework/framework/web/actions/CInlineAction.php(49): GalleryController->actionIndex()
#4 /mnt/www/yiiFramework/framework/web/CController.php(308): CInlineAction->runWithParams(Array)
#5 /mnt/www/yiiFramework/framework/web/filters/CFilterChain.php(133): CController->runAction(Object(CInlineAction))
#6 /mnt/www/yiiFramework/framework/web/filters/CFilter.php(40): CFilterChain->run()
#7 /mnt/www/yiiFramework/framework/web/CController.php(1145): CFilter->filter(Object(CFilterChain))
#8 /mnt/www/yiiFramework/framework/web/filters/CInlineFilter.php(58): CController->filterAccessControl(Object(CFilterChain))
#9 /mnt/www/yiiFramework/framework/web/filters/CFilterChain.php(130): CInlineFilter->filter(Object(CFilterChain))
#10 /mnt/www/yiiFramework/framework/web/CController.php(291): CFilterChain->run()
#11 /mnt/www/yiiFramework/framework/web/CController.php(265): CController->runActionWithFilters(Object(CInlineAction), Array)
#12 /mnt/www/yiiFramework/framework/web/CWebApplication.php(282): CController->run('')
#13 /mnt/www/yiiFramework/framework/web/CWebApplication.php(141): CWebApplication->runController('gallery')
#14 /mnt/www/yiiFramework/framework/base/CApplication.php(180): CWebApplication->processRequest()
#15 /mnt/www/dubfest/index.php(20): CApplication->run()
#16 {main}
REQUEST_URI=/dubfest/index.php?r=gallery
---
2015/07/15 21:58:20 [error] [exception.CException] exception 'CException' with message 'Property "Content.title" is not defined.' in /mnt/www/yiiFramework/framework/base/CComponent.php:130
Stack trace:
#0 /mnt/www/yiiFramework/framework/db/ar/CActiveRecord.php(145): CComponent->__get('title')
#1 /mnt/www/dubfest/protected/controllers/GalleryController.php(270): CActiveRecord->__get('title')
#2 /mnt/www/dubfest/protected/controllers/GalleryController.php(58): GalleryController->loadGalleryVideos(Object(stdClass), 1)
#3 /mnt/www/yiiFramework/framework/web/actions/CInlineAction.php(49): GalleryController->actionIndex()
#4 /mnt/www/yiiFramework/framework/web/CController.php(308): CInlineAction->runWithParams(Array)
#5 /mnt/www/yiiFramework/framework/web/filters/CFilterChain.php(133): CController->runAction(Object(CInlineAction))
#6 /mnt/www/yiiFramework/framework/web/filters/CFilter.php(40): CFilterChain->run()
#7 /mnt/www/yiiFramework/framework/web/CController.php(1145): CFilter->filter(Object(CFilterChain))
#8 /mnt/www/yiiFramework/framework/web/filters/CInlineFilter.php(58): CController->filterAccessControl(Object(CFilterChain))
#9 /mnt/www/yiiFramework/framework/web/filters/CFilterChain.php(130): CInlineFilter->filter(Object(CFilterChain))
#10 /mnt/www/yiiFramework/framework/web/CController.php(291): CFilterChain->run()
#11 /mnt/www/yiiFramework/framework/web/CController.php(265): CController->runActionWithFilters(Object(CInlineAction), Array)
#12 /mnt/www/yiiFramework/framework/web/CWebApplication.php(282): CController->run('index')
#13 /mnt/www/yiiFramework/framework/web/CWebApplication.php(141): CWebApplication->runController('gallery/index')
#14 /mnt/www/yiiFramework/framework/base/CApplication.php(180): CWebApplication->processRequest()
#15 /mnt/www/dubfest/index.php(20): CApplication->run()
#16 {main}
REQUEST_URI=/dubfest/index.php/gallery
HTTP_REFERER=http://localhost:8888/dubfest/index.php
---
2015/07/15 21:58:23 [error] [exception.CHttpException.404] exception 'CHttpException' with message 'The system is unable to find the requested action "tvc".' in /mnt/www/yiiFramework/framework/web/CController.php:483
Stack trace:
#0 /mnt/www/yiiFramework/framework/web/CController.php(270): CController->missingAction('tvc')
#1 /mnt/www/yiiFramework/framework/web/CWebApplication.php(282): CController->run('tvc')
#2 /mnt/www/yiiFramework/framework/web/CWebApplication.php(141): CWebApplication->runController('pages/tvc')
#3 /mnt/www/yiiFramework/framework/base/CApplication.php(180): CWebApplication->processRequest()
#4 /mnt/www/dubfest/index.php(20): CApplication->run()
#5 {main}
REQUEST_URI=/dubfest/index.php/watch-tvc
HTTP_REFERER=http://localhost:8888/dubfest/index.php
---
2015/07/15 21:59:19 [error] [exception.CException] exception 'CException' with message 'PagesController cannot find the requested view "tvc".' in /mnt/www/yiiFramework/framework/web/CController.php:878
Stack trace:
#0 /mnt/www/yiiFramework/framework/web/CController.php(782): CController->renderPartial('tvc', NULL, true)
#1 /mnt/www/dubfest/protected/controllers/PagesController.php(25): CController->render('tvc')
#2 /mnt/www/yiiFramework/framework/web/actions/CInlineAction.php(49): PagesController->actionTvc()
#3 /mnt/www/yiiFramework/framework/web/CController.php(308): CInlineAction->runWithParams(Array)
#4 /mnt/www/yiiFramework/framework/web/CController.php(286): CController->runAction(Object(CInlineAction))
#5 /mnt/www/yiiFramework/framework/web/CController.php(265): CController->runActionWithFilters(Object(CInlineAction), Array)
#6 /mnt/www/yiiFramework/framework/web/CWebApplication.php(282): CController->run('tvc')
#7 /mnt/www/yiiFramework/framework/web/CWebApplication.php(141): CWebApplication->runController('pages/tvc')
#8 /mnt/www/yiiFramework/framework/base/CApplication.php(180): CWebApplication->processRequest()
#9 /mnt/www/dubfest/index.php(20): CApplication->run()
#10 {main}
REQUEST_URI=/dubfest/index.php/watch-tvc
HTTP_REFERER=http://localhost:8888/dubfest/index.php
---
2015/07/15 22:04:49 [error] [exception.CHttpException.404] exception 'CHttpException' with message 'Unable to resolve the request "images/prtcptMbl.png".' in /mnt/www/yiiFramework/framework/web/CWebApplication.php:286
Stack trace:
#0 /mnt/www/yiiFramework/framework/web/CWebApplication.php(141): CWebApplication->runController('images/prtcptMb...')
#1 /mnt/www/yiiFramework/framework/base/CApplication.php(180): CWebApplication->processRequest()
#2 /mnt/www/dubfest/index.php(20): CApplication->run()
#3 {main}
REQUEST_URI=/dubfest/index.php/images/prtcptMbl.png
HTTP_REFERER=http://localhost:8888/dubfest/index.php/watch-tvc
---
2015/07/15 22:04:49 [error] [exception.CHttpException.404] exception 'CHttpException' with message 'Unable to resolve the request "images/gif.gif".' in /mnt/www/yiiFramework/framework/web/CWebApplication.php:286
Stack trace:
#0 /mnt/www/yiiFramework/framework/web/CWebApplication.php(141): CWebApplication->runController('images/gif.gif')
#1 /mnt/www/yiiFramework/framework/base/CApplication.php(180): CWebApplication->processRequest()
#2 /mnt/www/dubfest/index.php(20): CApplication->run()
#3 {main}
REQUEST_URI=/dubfest/index.php/images/gif.gif
HTTP_REFERER=http://localhost:8888/dubfest/index.php/watch-tvc
---
2015/07/15 22:04:49 [error] [exception.CHttpException.404] exception 'CHttpException' with message 'Unable to resolve the request "images/wtchTvcIcn.png".' in /mnt/www/yiiFramework/framework/web/CWebApplication.php:286
Stack trace:
#0 /mnt/www/yiiFramework/framework/web/CWebApplication.php(141): CWebApplication->runController('images/wtchTvcI...')
#1 /mnt/www/yiiFramework/framework/base/CApplication.php(180): CWebApplication->processRequest()
#2 /mnt/www/dubfest/index.php(20): CApplication->run()
#3 {main}
REQUEST_URI=/dubfest/index.php/images/wtchTvcIcn.png
HTTP_REFERER=http://localhost:8888/dubfest/index.php/watch-tvc
---
2015/07/15 22:04:49 [error] [exception.CHttpException.404] exception 'CHttpException' with message 'Unable to resolve the request "images/vdoImg.png".' in /mnt/www/yiiFramework/framework/web/CWebApplication.php:286
Stack trace:
#0 /mnt/www/yiiFramework/framework/web/CWebApplication.php(141): CWebApplication->runController('images/vdoImg.p...')
#1 /mnt/www/yiiFramework/framework/base/CApplication.php(180): CWebApplication->processRequest()
#2 /mnt/www/dubfest/index.php(20): CApplication->run()
#3 {main}
REQUEST_URI=/dubfest/index.php/images/vdoImg.png
HTTP_REFERER=http://localhost:8888/dubfest/index.php/watch-tvc
---
2015/07/15 22:04:49 [error] [exception.CHttpException.404] exception 'CHttpException' with message 'Unable to resolve the request "images/thumb-1.png".' in /mnt/www/yiiFramework/framework/web/CWebApplication.php:286
Stack trace:
#0 /mnt/www/yiiFramework/framework/web/CWebApplication.php(141): CWebApplication->runController('images/thumb-1....')
#1 /mnt/www/yiiFramework/framework/base/CApplication.php(180): CWebApplication->processRequest()
#2 /mnt/www/dubfest/index.php(20): CApplication->run()
#3 {main}
REQUEST_URI=/dubfest/index.php/images/thumb-1.png
HTTP_REFERER=http://localhost:8888/dubfest/index.php/watch-tvc
---
2015/07/15 22:06:21 [error] [exception.CException] exception 'CException' with message 'Property "Content.title" is not defined.' in /mnt/www/yiiFramework/framework/base/CComponent.php:130
Stack trace:
#0 /mnt/www/yiiFramework/framework/db/ar/CActiveRecord.php(145): CComponent->__get('title')
#1 /mnt/www/dubfest/protected/controllers/GalleryController.php(270): CActiveRecord->__get('title')
#2 /mnt/www/dubfest/protected/controllers/GalleryController.php(58): GalleryController->loadGalleryVideos(Object(stdClass), 1)
#3 /mnt/www/yiiFramework/framework/web/actions/CInlineAction.php(49): GalleryController->actionIndex()
#4 /mnt/www/yiiFramework/framework/web/CController.php(308): CInlineAction->runWithParams(Array)
#5 /mnt/www/yiiFramework/framework/web/filters/CFilterChain.php(133): CController->runAction(Object(CInlineAction))
#6 /mnt/www/yiiFramework/framework/web/filters/CFilter.php(40): CFilterChain->run()
#7 /mnt/www/yiiFramework/framework/web/CController.php(1145): CFilter->filter(Object(CFilterChain))
#8 /mnt/www/yiiFramework/framework/web/filters/CInlineFilter.php(58): CController->filterAccessControl(Object(CFilterChain))
#9 /mnt/www/yiiFramework/framework/web/filters/CFilterChain.php(130): CInlineFilter->filter(Object(CFilterChain))
#10 /mnt/www/yiiFramework/framework/web/CController.php(291): CFilterChain->run()
#11 /mnt/www/yiiFramework/framework/web/CController.php(265): CController->runActionWithFilters(Object(CInlineAction), Array)
#12 /mnt/www/yiiFramework/framework/web/CWebApplication.php(282): CController->run('')
#13 /mnt/www/yiiFramework/framework/web/CWebApplication.php(141): CWebApplication->runController('gallery')
#14 /mnt/www/yiiFramework/framework/base/CApplication.php(180): CWebApplication->processRequest()
#15 /mnt/www/dubfest/index.php(20): CApplication->run()
#16 {main}
REQUEST_URI=/dubfest/index.php/gallery
HTTP_REFERER=http://localhost:8888/dubfest/index.php/watch-tvc
---
2015/07/15 22:06:32 [error] [exception.CException] exception 'CException' with message 'Property "Content.title" is not defined.' in /mnt/www/yiiFramework/framework/base/CComponent.php:130
Stack trace:
#0 /mnt/www/yiiFramework/framework/db/ar/CActiveRecord.php(145): CComponent->__get('title')
#1 /mnt/www/dubfest/protected/controllers/GalleryController.php(270): CActiveRecord->__get('title')
#2 /mnt/www/dubfest/protected/controllers/GalleryController.php(58): GalleryController->loadGalleryVideos(Object(stdClass), 1)
#3 /mnt/www/yiiFramework/framework/web/actions/CInlineAction.php(49): GalleryController->actionIndex()
#4 /mnt/www/yiiFramework/framework/web/CController.php(308): CInlineAction->runWithParams(Array)
#5 /mnt/www/yiiFramework/framework/web/filters/CFilterChain.php(133): CController->runAction(Object(CInlineAction))
#6 /mnt/www/yiiFramework/framework/web/filters/CFilter.php(40): CFilterChain->run()
#7 /mnt/www/yiiFramework/framework/web/CController.php(1145): CFilter->filter(Object(CFilterChain))
#8 /mnt/www/yiiFramework/framework/web/filters/CInlineFilter.php(58): CController->filterAccessControl(Object(CFilterChain))
#9 /mnt/www/yiiFramework/framework/web/filters/CFilterChain.php(130): CInlineFilter->filter(Object(CFilterChain))
#10 /mnt/www/yiiFramework/framework/web/CController.php(291): CFilterChain->run()
#11 /mnt/www/yiiFramework/framework/web/CController.php(265): CController->runActionWithFilters(Object(CInlineAction), Array)
#12 /mnt/www/yiiFramework/framework/web/CWebApplication.php(282): CController->run('')
#13 /mnt/www/yiiFramework/framework/web/CWebApplication.php(141): CWebApplication->runController('gallery')
#14 /mnt/www/yiiFramework/framework/base/CApplication.php(180): CWebApplication->processRequest()
#15 /mnt/www/dubfest/index.php(20): CApplication->run()
#16 {main}
REQUEST_URI=/dubfest/index.php/gallery
HTTP_REFERER=http://localhost:8888/dubfest/index.php/watch-tvc
---
2015/07/15 22:11:32 [error] [exception.CException] exception 'CException' with message 'Property "Content.title" is not defined.' in /mnt/www/yiiFramework/framework/base/CComponent.php:130
Stack trace:
#0 /mnt/www/yiiFramework/framework/db/ar/CActiveRecord.php(145): CComponent->__get('title')
#1 /mnt/www/dubfest/protected/controllers/GalleryController.php(270): CActiveRecord->__get('title')
#2 /mnt/www/dubfest/protected/controllers/GalleryController.php(58): GalleryController->loadGalleryVideos(Object(stdClass), 1)
#3 /mnt/www/yiiFramework/framework/web/actions/CInlineAction.php(49): GalleryController->actionIndex()
#4 /mnt/www/yiiFramework/framework/web/CController.php(308): CInlineAction->runWithParams(Array)
#5 /mnt/www/yiiFramework/framework/web/filters/CFilterChain.php(133): CController->runAction(Object(CInlineAction))
#6 /mnt/www/yiiFramework/framework/web/filters/CFilter.php(40): CFilterChain->run()
#7 /mnt/www/yiiFramework/framework/web/CController.php(1145): CFilter->filter(Object(CFilterChain))
#8 /mnt/www/yiiFramework/framework/web/filters/CInlineFilter.php(58): CController->filterAccessControl(Object(CFilterChain))
#9 /mnt/www/yiiFramework/framework/web/filters/CFilterChain.php(130): CInlineFilter->filter(Object(CFilterChain))
#10 /mnt/www/yiiFramework/framework/web/CController.php(291): CFilterChain->run()
#11 /mnt/www/yiiFramework/framework/web/CController.php(265): CController->runActionWithFilters(Object(CInlineAction), Array)
#12 /mnt/www/yiiFramework/framework/web/CWebApplication.php(282): CController->run('')
#13 /mnt/www/yiiFramework/framework/web/CWebApplication.php(141): CWebApplication->runController('gallery')
#14 /mnt/www/yiiFramework/framework/base/CApplication.php(180): CWebApplication->processRequest()
#15 /mnt/www/dubfest/index.php(20): CApplication->run()
#16 {main}
REQUEST_URI=/dubfest/index.php/gallery
HTTP_REFERER=http://localhost:8888/dubfest/
---
2015/07/15 22:14:29 [error] [exception.CHttpException.404] exception 'CHttpException' with message 'Unable to resolve the request "images/fbicn.png".' in /mnt/www/yiiFramework/framework/web/CWebApplication.php:286
Stack trace:
#0 /mnt/www/yiiFramework/framework/web/CWebApplication.php(141): CWebApplication->runController('images/fbicn.pn...')
#1 /mnt/www/yiiFramework/framework/base/CApplication.php(180): CWebApplication->processRequest()
#2 /mnt/www/dubfest/index.php(20): CApplication->run()
#3 {main}
REQUEST_URI=/dubfest/index.php/images/fbicn.png
HTTP_REFERER=http://localhost:8888/dubfest/index.php/gallery
---
2015/07/15 22:14:29 [error] [exception.CHttpException.404] exception 'CHttpException' with message 'Unable to resolve the request "images/tst.jpg".' in /mnt/www/yiiFramework/framework/web/CWebApplication.php:286
Stack trace:
#0 /mnt/www/yiiFramework/framework/web/CWebApplication.php(141): CWebApplication->runController('images/tst.jpg')
#1 /mnt/www/yiiFramework/framework/base/CApplication.php(180): CWebApplication->processRequest()
#2 /mnt/www/dubfest/index.php(20): CApplication->run()
#3 {main}
REQUEST_URI=/dubfest/index.php/images/tst.jpg
HTTP_REFERER=http://localhost:8888/dubfest/index.php/gallery
---
2015/07/15 22:14:29 [error] [exception.CHttpException.404] exception 'CHttpException' with message 'Unable to resolve the request "images/fbicn.png".' in /mnt/www/yiiFramework/framework/web/CWebApplication.php:286
Stack trace:
#0 /mnt/www/yiiFramework/framework/web/CWebApplication.php(141): CWebApplication->runController('images/fbicn.pn...')
#1 /mnt/www/yiiFramework/framework/base/CApplication.php(180): CWebApplication->processRequest()
#2 /mnt/www/dubfest/index.php(20): CApplication->run()
#3 {main}
REQUEST_URI=/dubfest/index.php/images/fbicn.png
HTTP_REFERER=http://localhost:8888/dubfest/index.php/gallery
---
2015/07/15 22:14:29 [error] [exception.CHttpException.404] exception 'CHttpException' with message 'Unable to resolve the request "images/tst.jpg".' in /mnt/www/yiiFramework/framework/web/CWebApplication.php:286
Stack trace:
#0 /mnt/www/yiiFramework/framework/web/CWebApplication.php(141): CWebApplication->runController('images/tst.jpg')
#1 /mnt/www/yiiFramework/framework/base/CApplication.php(180): CWebApplication->processRequest()
#2 /mnt/www/dubfest/index.php(20): CApplication->run()
#3 {main}
REQUEST_URI=/dubfest/index.php/images/tst.jpg
HTTP_REFERER=http://localhost:8888/dubfest/index.php/gallery
---
2015/07/15 22:15:12 [error] [exception.CHttpException.404] exception 'CHttpException' with message 'Unable to resolve the request "images/tst.jpg".' in /mnt/www/yiiFramework/framework/web/CWebApplication.php:286
Stack trace:
#0 /mnt/www/yiiFramework/framework/web/CWebApplication.php(141): CWebApplication->runController('images/tst.jpg')
#1 /mnt/www/yiiFramework/framework/base/CApplication.php(180): CWebApplication->processRequest()
#2 /mnt/www/dubfest/index.php(20): CApplication->run()
#3 {main}
REQUEST_URI=/dubfest/index.php/images/tst.jpg
---
2015/07/15 22:15:12 [error] [exception.CHttpException.404] exception 'CHttpException' with message 'Unable to resolve the request "images/fbicn.png".' in /mnt/www/yiiFramework/framework/web/CWebApplication.php:286
Stack trace:
#0 /mnt/www/yiiFramework/framework/web/CWebApplication.php(141): CWebApplication->runController('images/fbicn.pn...')
#1 /mnt/www/yiiFramework/framework/base/CApplication.php(180): CWebApplication->processRequest()
#2 /mnt/www/dubfest/index.php(20): CApplication->run()
#3 {main}
REQUEST_URI=/dubfest/index.php/images/fbicn.png
---
2015/07/15 22:15:13 [error] [exception.CHttpException.404] exception 'CHttpException' with message 'Unable to resolve the request "images/tst.jpg".' in /mnt/www/yiiFramework/framework/web/CWebApplication.php:286
Stack trace:
#0 /mnt/www/yiiFramework/framework/web/CWebApplication.php(141): CWebApplication->runController('images/tst.jpg')
#1 /mnt/www/yiiFramework/framework/base/CApplication.php(180): CWebApplication->processRequest()
#2 /mnt/www/dubfest/index.php(20): CApplication->run()
#3 {main}
REQUEST_URI=/dubfest/index.php/images/tst.jpg
---
2015/07/15 22:15:13 [error] [exception.CHttpException.404] exception 'CHttpException' with message 'Unable to resolve the request "images/fbicn.png".' in /mnt/www/yiiFramework/framework/web/CWebApplication.php:286
Stack trace:
#0 /mnt/www/yiiFramework/framework/web/CWebApplication.php(141): CWebApplication->runController('images/fbicn.pn...')
#1 /mnt/www/yiiFramework/framework/base/CApplication.php(180): CWebApplication->processRequest()
#2 /mnt/www/dubfest/index.php(20): CApplication->run()
#3 {main}
REQUEST_URI=/dubfest/index.php/images/fbicn.png
---
2015/07/15 22:15:33 [error] [exception.CHttpException.404] exception 'CHttpException' with message 'Unable to resolve the request "images/tst.jpg".' in /mnt/www/yiiFramework/framework/web/CWebApplication.php:286
Stack trace:
#0 /mnt/www/yiiFramework/framework/web/CWebApplication.php(141): CWebApplication->runController('images/tst.jpg')
#1 /mnt/www/yiiFramework/framework/base/CApplication.php(180): CWebApplication->processRequest()
#2 /mnt/www/dubfest/index.php(20): CApplication->run()
#3 {main}
REQUEST_URI=/dubfest/index.php/images/tst.jpg
---
2015/07/15 22:15:33 [error] [exception.CHttpException.404] exception 'CHttpException' with message 'Unable to resolve the request "images/fbicn.png".' in /mnt/www/yiiFramework/framework/web/CWebApplication.php:286
Stack trace:
#0 /mnt/www/yiiFramework/framework/web/CWebApplication.php(141): CWebApplication->runController('images/fbicn.pn...')
#1 /mnt/www/yiiFramework/framework/base/CApplication.php(180): CWebApplication->processRequest()
#2 /mnt/www/dubfest/index.php(20): CApplication->run()
#3 {main}
REQUEST_URI=/dubfest/index.php/images/fbicn.png
---
2015/07/15 22:15:33 [error] [exception.CHttpException.404] exception 'CHttpException' with message 'Unable to resolve the request "images/tst.jpg".' in /mnt/www/yiiFramework/framework/web/CWebApplication.php:286
Stack trace:
#0 /mnt/www/yiiFramework/framework/web/CWebApplication.php(141): CWebApplication->runController('images/tst.jpg')
#1 /mnt/www/yiiFramework/framework/base/CApplication.php(180): CWebApplication->processRequest()
#2 /mnt/www/dubfest/index.php(20): CApplication->run()
#3 {main}
REQUEST_URI=/dubfest/index.php/images/tst.jpg
---
2015/07/15 22:15:34 [error] [exception.CHttpException.404] exception 'CHttpException' with message 'Unable to resolve the request "images/fbicn.png".' in /mnt/www/yiiFramework/framework/web/CWebApplication.php:286
Stack trace:
#0 /mnt/www/yiiFramework/framework/web/CWebApplication.php(141): CWebApplication->runController('images/fbicn.pn...')
#1 /mnt/www/yiiFramework/framework/base/CApplication.php(180): CWebApplication->processRequest()
#2 /mnt/www/dubfest/index.php(20): CApplication->run()
#3 {main}
REQUEST_URI=/dubfest/index.php/images/fbicn.png
---
2015/07/15 22:16:18 [error] [exception.CHttpException.404] exception 'CHttpException' with message 'Unable to resolve the request "images/fbicn.png".' in /mnt/www/yiiFramework/framework/web/CWebApplication.php:286
Stack trace:
#0 /mnt/www/yiiFramework/framework/web/CWebApplication.php(141): CWebApplication->runController('images/fbicn.pn...')
#1 /mnt/www/yiiFramework/framework/base/CApplication.php(180): CWebApplication->processRequest()
#2 /mnt/www/dubfest/index.php(20): CApplication->run()
#3 {main}
REQUEST_URI=/dubfest/index.php/images/fbicn.png
---
2015/07/15 22:16:18 [error] [exception.CHttpException.404] exception 'CHttpException' with message 'Unable to resolve the request "images/tst.jpg".' in /mnt/www/yiiFramework/framework/web/CWebApplication.php:286
Stack trace:
#0 /mnt/www/yiiFramework/framework/web/CWebApplication.php(141): CWebApplication->runController('images/tst.jpg')
#1 /mnt/www/yiiFramework/framework/base/CApplication.php(180): CWebApplication->processRequest()
#2 /mnt/www/dubfest/index.php(20): CApplication->run()
#3 {main}
REQUEST_URI=/dubfest/index.php/images/tst.jpg
---
2015/07/15 22:16:18 [error] [exception.CHttpException.404] exception 'CHttpException' with message 'Unable to resolve the request "images/tst.jpg".' in /mnt/www/yiiFramework/framework/web/CWebApplication.php:286
Stack trace:
#0 /mnt/www/yiiFramework/framework/web/CWebApplication.php(141): CWebApplication->runController('images/tst.jpg')
#1 /mnt/www/yiiFramework/framework/base/CApplication.php(180): CWebApplication->processRequest()
#2 /mnt/www/dubfest/index.php(20): CApplication->run()
#3 {main}
REQUEST_URI=/dubfest/index.php/images/tst.jpg
---
2015/07/15 22:16:18 [error] [exception.CHttpException.404] exception 'CHttpException' with message 'Unable to resolve the request "images/fbicn.png".' in /mnt/www/yiiFramework/framework/web/CWebApplication.php:286
Stack trace:
#0 /mnt/www/yiiFramework/framework/web/CWebApplication.php(141): CWebApplication->runController('images/fbicn.pn...')
#1 /mnt/www/yiiFramework/framework/base/CApplication.php(180): CWebApplication->processRequest()
#2 /mnt/www/dubfest/index.php(20): CApplication->run()
#3 {main}
REQUEST_URI=/dubfest/index.php/images/fbicn.png
---
2015/07/15 22:17:32 [error] [exception.CHttpException.404] exception 'CHttpException' with message 'Unable to resolve the request "images/fbicn.png".' in /mnt/www/yiiFramework/framework/web/CWebApplication.php:286
Stack trace:
#0 /mnt/www/yiiFramework/framework/web/CWebApplication.php(141): CWebApplication->runController('images/fbicn.pn...')
#1 /mnt/www/yiiFramework/framework/base/CApplication.php(180): CWebApplication->processRequest()
#2 /mnt/www/dubfest/index.php(20): CApplication->run()
#3 {main}
REQUEST_URI=/dubfest/index.php/images/fbicn.png
HTTP_REFERER=http://localhost:8888/dubfest/index.php/gallery
---
2015/07/15 22:17:32 [error] [exception.CHttpException.404] exception 'CHttpException' with message 'Unable to resolve the request "images/tst.jpg".' in /mnt/www/yiiFramework/framework/web/CWebApplication.php:286
Stack trace:
#0 /mnt/www/yiiFramework/framework/web/CWebApplication.php(141): CWebApplication->runController('images/tst.jpg')
#1 /mnt/www/yiiFramework/framework/base/CApplication.php(180): CWebApplication->processRequest()
#2 /mnt/www/dubfest/index.php(20): CApplication->run()
#3 {main}
REQUEST_URI=/dubfest/index.php/images/tst.jpg
HTTP_REFERER=http://localhost:8888/dubfest/index.php/gallery
---
2015/07/15 22:17:33 [error] [exception.CHttpException.404] exception 'CHttpException' with message 'Unable to resolve the request "images/tst.jpg".' in /mnt/www/yiiFramework/framework/web/CWebApplication.php:286
Stack trace:
#0 /mnt/www/yiiFramework/framework/web/CWebApplication.php(141): CWebApplication->runController('images/tst.jpg')
#1 /mnt/www/yiiFramework/framework/base/CApplication.php(180): CWebApplication->processRequest()
#2 /mnt/www/dubfest/index.php(20): CApplication->run()
#3 {main}
REQUEST_URI=/dubfest/index.php/images/tst.jpg
HTTP_REFERER=http://localhost:8888/dubfest/index.php/gallery
---
2015/07/15 22:17:33 [error] [exception.CHttpException.404] exception 'CHttpException' with message 'Unable to resolve the request "images/fbicn.png".' in /mnt/www/yiiFramework/framework/web/CWebApplication.php:286
Stack trace:
#0 /mnt/www/yiiFramework/framework/web/CWebApplication.php(141): CWebApplication->runController('images/fbicn.pn...')
#1 /mnt/www/yiiFramework/framework/base/CApplication.php(180): CWebApplication->processRequest()
#2 /mnt/www/dubfest/index.php(20): CApplication->run()
#3 {main}
REQUEST_URI=/dubfest/index.php/images/fbicn.png
HTTP_REFERER=http://localhost:8888/dubfest/index.php/gallery
---
2015/07/15 22:17:46 [error] [exception.CHttpException.404] exception 'CHttpException' with message 'Unable to resolve the request "images/fbicn.png".' in /mnt/www/yiiFramework/framework/web/CWebApplication.php:286
Stack trace:
#0 /mnt/www/yiiFramework/framework/web/CWebApplication.php(141): CWebApplication->runController('images/fbicn.pn...')
#1 /mnt/www/yiiFramework/framework/base/CApplication.php(180): CWebApplication->processRequest()
#2 /mnt/www/dubfest/index.php(20): CApplication->run()
#3 {main}
REQUEST_URI=/dubfest/index.php/images/fbicn.png
HTTP_REFERER=http://localhost:8888/dubfest/index.php/gallery
---
2015/07/15 22:17:46 [error] [exception.CHttpException.404] exception 'CHttpException' with message 'Unable to resolve the request "images/tst.jpg".' in /mnt/www/yiiFramework/framework/web/CWebApplication.php:286
Stack trace:
#0 /mnt/www/yiiFramework/framework/web/CWebApplication.php(141): CWebApplication->runController('images/tst.jpg')
#1 /mnt/www/yiiFramework/framework/base/CApplication.php(180): CWebApplication->processRequest()
#2 /mnt/www/dubfest/index.php(20): CApplication->run()
#3 {main}
REQUEST_URI=/dubfest/index.php/images/tst.jpg
HTTP_REFERER=http://localhost:8888/dubfest/index.php/gallery
---
2015/07/15 22:17:46 [error] [exception.CHttpException.404] exception 'CHttpException' with message 'Unable to resolve the request "images/tst.jpg".' in /mnt/www/yiiFramework/framework/web/CWebApplication.php:286
Stack trace:
#0 /mnt/www/yiiFramework/framework/web/CWebApplication.php(141): CWebApplication->runController('images/tst.jpg')
#1 /mnt/www/yiiFramework/framework/base/CApplication.php(180): CWebApplication->processRequest()
#2 /mnt/www/dubfest/index.php(20): CApplication->run()
#3 {main}
REQUEST_URI=/dubfest/index.php/images/tst.jpg
HTTP_REFERER=http://localhost:8888/dubfest/index.php/gallery
---
2015/07/15 22:17:46 [error] [exception.CHttpException.404] exception 'CHttpException' with message 'Unable to resolve the request "images/fbicn.png".' in /mnt/www/yiiFramework/framework/web/CWebApplication.php:286
Stack trace:
#0 /mnt/www/yiiFramework/framework/web/CWebApplication.php(141): CWebApplication->runController('images/fbicn.pn...')
#1 /mnt/www/yiiFramework/framework/base/CApplication.php(180): CWebApplication->processRequest()
#2 /mnt/www/dubfest/index.php(20): CApplication->run()
#3 {main}
REQUEST_URI=/dubfest/index.php/images/fbicn.png
HTTP_REFERER=http://localhost:8888/dubfest/index.php/gallery
---
2015/07/15 22:19:00 [error] [exception.CHttpException.404] exception 'CHttpException' with message 'Unable to resolve the request "images/tst.jpg".' in /mnt/www/yiiFramework/framework/web/CWebApplication.php:286
Stack trace:
#0 /mnt/www/yiiFramework/framework/web/CWebApplication.php(141): CWebApplication->runController('images/tst.jpg')
#1 /mnt/www/yiiFramework/framework/base/CApplication.php(180): CWebApplication->processRequest()
#2 /mnt/www/dubfest/index.php(20): CApplication->run()
#3 {main}
REQUEST_URI=/dubfest/index.php/images/tst.jpg
HTTP_REFERER=http://localhost:8888/dubfest/index.php/watch-tvc
---
2015/07/15 22:19:00 [error] [exception.CHttpException.404] exception 'CHttpException' with message 'Unable to resolve the request "images/fbicn.png".' in /mnt/www/yiiFramework/framework/web/CWebApplication.php:286
Stack trace:
#0 /mnt/www/yiiFramework/framework/web/CWebApplication.php(141): CWebApplication->runController('images/fbicn.pn...')
#1 /mnt/www/yiiFramework/framework/base/CApplication.php(180): CWebApplication->processRequest()
#2 /mnt/www/dubfest/index.php(20): CApplication->run()
#3 {main}
REQUEST_URI=/dubfest/index.php/images/fbicn.png
HTTP_REFERER=http://localhost:8888/dubfest/index.php/watch-tvc
---
2015/07/15 22:19:00 [error] [exception.CHttpException.404] exception 'CHttpException' with message 'Unable to resolve the request "images/fbicn.png".' in /mnt/www/yiiFramework/framework/web/CWebApplication.php:286
Stack trace:
#0 /mnt/www/yiiFramework/framework/web/CWebApplication.php(141): CWebApplication->runController('images/fbicn.pn...')
#1 /mnt/www/yiiFramework/framework/base/CApplication.php(180): CWebApplication->processRequest()
#2 /mnt/www/dubfest/index.php(20): CApplication->run()
#3 {main}
REQUEST_URI=/dubfest/index.php/images/fbicn.png
HTTP_REFERER=http://localhost:8888/dubfest/index.php/watch-tvc
---
2015/07/15 22:19:00 [error] [exception.CHttpException.404] exception 'CHttpException' with message 'Unable to resolve the request "images/tst.jpg".' in /mnt/www/yiiFramework/framework/web/CWebApplication.php:286
Stack trace:
#0 /mnt/www/yiiFramework/framework/web/CWebApplication.php(141): CWebApplication->runController('images/tst.jpg')
#1 /mnt/www/yiiFramework/framework/base/CApplication.php(180): CWebApplication->processRequest()
#2 /mnt/www/dubfest/index.php(20): CApplication->run()
#3 {main}
REQUEST_URI=/dubfest/index.php/images/tst.jpg
HTTP_REFERER=http://localhost:8888/dubfest/index.php/watch-tvc
---
2015/07/15 22:19:03 [error] [exception.CHttpException.404] exception 'CHttpException' with message 'Unable to resolve the request "images/tst.jpg".' in /mnt/www/yiiFramework/framework/web/CWebApplication.php:286
Stack trace:
#0 /mnt/www/yiiFramework/framework/web/CWebApplication.php(141): CWebApplication->runController('images/tst.jpg')
#1 /mnt/www/yiiFramework/framework/base/CApplication.php(180): CWebApplication->processRequest()
#2 /mnt/www/dubfest/index.php(20): CApplication->run()
#3 {main}
REQUEST_URI=/dubfest/index.php/images/tst.jpg
HTTP_REFERER=http://localhost:8888/dubfest/index.php/gallery
---
2015/07/15 22:19:03 [error] [exception.CHttpException.404] exception 'CHttpException' with message 'Unable to resolve the request "images/fbicn.png".' in /mnt/www/yiiFramework/framework/web/CWebApplication.php:286
Stack trace:
#0 /mnt/www/yiiFramework/framework/web/CWebApplication.php(141): CWebApplication->runController('images/fbicn.pn...')
#1 /mnt/www/yiiFramework/framework/base/CApplication.php(180): CWebApplication->processRequest()
#2 /mnt/www/dubfest/index.php(20): CApplication->run()
#3 {main}
REQUEST_URI=/dubfest/index.php/images/fbicn.png
HTTP_REFERER=http://localhost:8888/dubfest/index.php/gallery
---
2015/07/15 22:19:03 [error] [exception.CHttpException.404] exception 'CHttpException' with message 'Unable to resolve the request "images/fbicn.png".' in /mnt/www/yiiFramework/framework/web/CWebApplication.php:286
Stack trace:
#0 /mnt/www/yiiFramework/framework/web/CWebApplication.php(141): CWebApplication->runController('images/fbicn.pn...')
#1 /mnt/www/yiiFramework/framework/base/CApplication.php(180): CWebApplication->processRequest()
#2 /mnt/www/dubfest/index.php(20): CApplication->run()
#3 {main}
REQUEST_URI=/dubfest/index.php/images/fbicn.png
HTTP_REFERER=http://localhost:8888/dubfest/index.php/gallery
---
2015/07/15 22:19:03 [error] [exception.CHttpException.404] exception 'CHttpException' with message 'Unable to resolve the request "images/tst.jpg".' in /mnt/www/yiiFramework/framework/web/CWebApplication.php:286
Stack trace:
#0 /mnt/www/yiiFramework/framework/web/CWebApplication.php(141): CWebApplication->runController('images/tst.jpg')
#1 /mnt/www/yiiFramework/framework/base/CApplication.php(180): CWebApplication->processRequest()
#2 /mnt/www/dubfest/index.php(20): CApplication->run()
#3 {main}
REQUEST_URI=/dubfest/index.php/images/tst.jpg
HTTP_REFERER=http://localhost:8888/dubfest/index.php/gallery
---
2015/07/15 22:19:20 [error] [exception.CHttpException.404] exception 'CHttpException' with message 'Unable to resolve the request "images/tst.jpg".' in /mnt/www/yiiFramework/framework/web/CWebApplication.php:286
Stack trace:
#0 /mnt/www/yiiFramework/framework/web/CWebApplication.php(141): CWebApplication->runController('images/tst.jpg')
#1 /mnt/www/yiiFramework/framework/base/CApplication.php(180): CWebApplication->processRequest()
#2 /mnt/www/dubfest/index.php(20): CApplication->run()
#3 {main}
REQUEST_URI=/dubfest/index.php/images/tst.jpg
HTTP_REFERER=http://localhost:8888/dubfest/index.php/gallery
---
2015/07/15 22:19:20 [error] [exception.CHttpException.404] exception 'CHttpException' with message 'Unable to resolve the request "images/fbicn.png".' in /mnt/www/yiiFramework/framework/web/CWebApplication.php:286
Stack trace:
#0 /mnt/www/yiiFramework/framework/web/CWebApplication.php(141): CWebApplication->runController('images/fbicn.pn...')
#1 /mnt/www/yiiFramework/framework/base/CApplication.php(180): CWebApplication->processRequest()
#2 /mnt/www/dubfest/index.php(20): CApplication->run()
#3 {main}
REQUEST_URI=/dubfest/index.php/images/fbicn.png
HTTP_REFERER=http://localhost:8888/dubfest/index.php/gallery
---
2015/07/15 22:19:20 [error] [exception.CHttpException.404] exception 'CHttpException' with message 'Unable to resolve the request "images/fbicn.png".' in /mnt/www/yiiFramework/framework/web/CWebApplication.php:286
Stack trace:
#0 /mnt/www/yiiFramework/framework/web/CWebApplication.php(141): CWebApplication->runController('images/fbicn.pn...')
#1 /mnt/www/yiiFramework/framework/base/CApplication.php(180): CWebApplication->processRequest()
#2 /mnt/www/dubfest/index.php(20): CApplication->run()
#3 {main}
REQUEST_URI=/dubfest/index.php/images/fbicn.png
HTTP_REFERER=http://localhost:8888/dubfest/index.php/gallery
---
2015/07/15 22:19:20 [error] [exception.CHttpException.404] exception 'CHttpException' with message 'Unable to resolve the request "images/tst.jpg".' in /mnt/www/yiiFramework/framework/web/CWebApplication.php:286
Stack trace:
#0 /mnt/www/yiiFramework/framework/web/CWebApplication.php(141): CWebApplication->runController('images/tst.jpg')
#1 /mnt/www/yiiFramework/framework/base/CApplication.php(180): CWebApplication->processRequest()
#2 /mnt/www/dubfest/index.php(20): CApplication->run()
#3 {main}
REQUEST_URI=/dubfest/index.php/images/tst.jpg
HTTP_REFERER=http://localhost:8888/dubfest/index.php/gallery
---
